26762728 reads; of these:
  26762728 (100.00%) were paired; of these:
    26762728 (100.00%) aligned concordantly 0 times
    0 (0.00%) aligned concordantly exactly 1 time
    0 (0.00%) aligned concordantly >1 times
    ----
    26762728 pairs aligned concordantly 0 times; of these:
      0 (0.00%) aligned discordantly 1 time
    ----
    26762728 pairs aligned 0 times concordantly or discordantly; of these:
      53525456 mates make up the pairs; of these:
        53525366 (100.00%) aligned 0 times
        88 (0.00%) aligned exactly 1 time
        2 (0.00%) aligned >1 times
0.00% overall alignment rate
30712609 reads; of these:
  30712609 (100.00%) were paired; of these:
    30712604 (100.00%) aligned concordantly 0 times
    5 (0.00%) aligned concordantly exactly 1 time
    0 (0.00%) aligned concordantly >1 times
    ----
    30712604 pairs aligned concordantly 0 times; of these:
      0 (0.00%) aligned discordantly 1 time
    ----
    30712604 pairs aligned 0 times concordantly or discordantly; of these:
      61425208 mates make up the pairs; of these:
        61425090 (100.00%) aligned 0 times
        117 (0.00%) aligned exactly 1 time
        1 (0.00%) aligned >1 times
0.00% overall alignment rate
31594724 reads; of these:
  31594724 (100.00%) were paired; of these:
    31594440 (100.00%) aligned concordantly 0 times
    279 (0.00%) aligned concordantly exactly 1 time
    5 (0.00%) aligned concordantly >1 times
    ----
    31594440 pairs aligned concordantly 0 times; of these:
      25 (0.00%) aligned discordantly 1 time
    ----
    31594415 pairs aligned 0 times concordantly or discordantly; of these:
      63188830 mates make up the pairs; of these:
        63188497 (100.00%) aligned 0 times
        328 (0.00%) aligned exactly 1 time
        5 (0.00%) aligned >1 times
0.00% overall alignment rate
29150038 reads; of these:
  29150038 (100.00%) were paired; of these:
    29149775 (100.00%) aligned concordantly 0 times
    259 (0.00%) aligned concordantly exactly 1 time
    4 (0.00%) aligned concordantly >1 times
    ----
    29149775 pairs aligned concordantly 0 times; of these:
      19 (0.00%) aligned discordantly 1 time
    ----
    29149756 pairs aligned 0 times concordantly or discordantly; of these:
      58299512 mates make up the pairs; of these:
        58299386 (100.00%) aligned 0 times
        121 (0.00%) aligned exactly 1 time
        5 (0.00%) aligned >1 times
0.00% overall alignment rate
30392676 reads; of these:
  30392676 (100.00%) were paired; of these:
    30392674 (100.00%) aligned concordantly 0 times
    2 (0.00%) aligned concordantly exactly 1 time
    0 (0.00%) aligned concordantly >1 times
    ----
    30392674 pairs aligned concordantly 0 times; of these:
      0 (0.00%) aligned discordantly 1 time
    ----
    30392674 pairs aligned 0 times concordantly or discordantly; of these:
      60785348 mates make up the pairs; of these:
        60785231 (100.00%) aligned 0 times
        108 (0.00%) aligned exactly 1 time
        9 (0.00%) aligned >1 times
0.00% overall alignment rate
34535713 reads; of these:
  34535713 (100.00%) were paired; of these:
    33887091 (98.12%) aligned concordantly 0 times
    630070 (1.82%) aligned concordantly exactly 1 time
    18552 (0.05%) aligned concordantly >1 times
    ----
    33887091 pairs aligned concordantly 0 times; of these:
      28504 (0.08%) aligned discordantly 1 time
    ----
    33858587 pairs aligned 0 times concordantly or discordantly; of these:
      67717174 mates make up the pairs; of these:
        67636262 (99.88%) aligned 0 times
        77134 (0.11%) aligned exactly 1 time
        3778 (0.01%) aligned >1 times
2.08% overall alignment rate
34554794 reads; of these:
  34554794 (100.00%) were paired; of these:
    33819598 (97.87%) aligned concordantly 0 times
    713988 (2.07%) aligned concordantly exactly 1 time
    21208 (0.06%) aligned concordantly >1 times
    ----
    33819598 pairs aligned concordantly 0 times; of these:
      33908 (0.10%) aligned discordantly 1 time
    ----
    33785690 pairs aligned 0 times concordantly or discordantly; of these:
      67571380 mates make up the pairs; of these:
        67477668 (99.86%) aligned 0 times
        89239 (0.13%) aligned exactly 1 time
        4473 (0.01%) aligned >1 times
2.36% overall alignment rate
33514355 reads; of these:
  33514355 (100.00%) were paired; of these:
    33513764 (100.00%) aligned concordantly 0 times
    585 (0.00%) aligned concordantly exactly 1 time
    6 (0.00%) aligned concordantly >1 times
    ----
    33513764 pairs aligned concordantly 0 times; of these:
      31 (0.00%) aligned discordantly 1 time
    ----
    33513733 pairs aligned 0 times concordantly or discordantly; of these:
      67027466 mates make up the pairs; of these:
        67026848 (100.00%) aligned 0 times
        602 (0.00%) aligned exactly 1 time
        16 (0.00%) aligned >1 times
0.00% overall alignment rate
32744554 reads; of these:
  32744554 (100.00%) were paired; of these:
    32744545 (100.00%) aligned concordantly 0 times
    8 (0.00%) aligned concordantly exactly 1 time
    1 (0.00%) aligned concordantly >1 times
    ----
    32744545 pairs aligned concordantly 0 times; of these:
      0 (0.00%) aligned discordantly 1 time
    ----
    32744545 pairs aligned 0 times concordantly or discordantly; of these:
      65489090 mates make up the pairs; of these:
        65488968 (100.00%) aligned 0 times
        122 (0.00%) aligned exactly 1 time
        0 (0.00%) aligned >1 times
0.00% overall alignment rate
32572571 reads; of these:
  32572571 (100.00%) were paired; of these:
    32572571 (100.00%) aligned concordantly 0 times
    0 (0.00%) aligned concordantly exactly 1 time
    0 (0.00%) aligned concordantly >1 times
    ----
    32572571 pairs aligned concordantly 0 times; of these:
      0 (0.00%) aligned discordantly 1 time
    ----
    32572571 pairs aligned 0 times concordantly or discordantly; of these:
      65145142 mates make up the pairs; of these:
        65145035 (100.00%) aligned 0 times
        104 (0.00%) aligned exactly 1 time
        3 (0.00%) aligned >1 times
0.00% overall alignment rate
33377429 reads; of these:
  33377429 (100.00%) were paired; of these:
    32764821 (98.16%) aligned concordantly 0 times
    594782 (1.78%) aligned concordantly exactly 1 time
    17826 (0.05%) aligned concordantly >1 times
    ----
    32764821 pairs aligned concordantly 0 times; of these:
      31540 (0.10%) aligned discordantly 1 time
    ----
    32733281 pairs aligned 0 times concordantly or discordantly; of these:
      65466562 mates make up the pairs; of these:
        65387378 (99.88%) aligned 0 times
        75079 (0.11%) aligned exactly 1 time
        4105 (0.01%) aligned >1 times
2.05% overall alignment rate
37354297 reads; of these:
  37354297 (100.00%) were paired; of these:
    37354273 (100.00%) aligned concordantly 0 times
    24 (0.00%) aligned concordantly exactly 1 time
    0 (0.00%) aligned concordantly >1 times
    ----
    37354273 pairs aligned concordantly 0 times; of these:
      1 (0.00%) aligned discordantly 1 time
    ----
    37354272 pairs aligned 0 times concordantly or discordantly; of these:
      74708544 mates make up the pairs; of these:
        74708408 (100.00%) aligned 0 times
        130 (0.00%) aligned exactly 1 time
        6 (0.00%) aligned >1 times
0.00% overall alignment rate
31678779 reads; of these:
  31678779 (100.00%) were paired; of these:
    15829739 (49.97%) aligned concordantly 0 times
    15630884 (49.34%) aligned concordantly exactly 1 time
    218156 (0.69%) aligned concordantly >1 times
    ----
    15829739 pairs aligned concordantly 0 times; of these:
      1188719 (7.51%) aligned discordantly 1 time
    ----
    14641020 pairs aligned 0 times concordantly or discordantly; of these:
      29282040 mates make up the pairs; of these:
        27721094 (94.67%) aligned 0 times
        1508777 (5.15%) aligned exactly 1 time
        52169 (0.18%) aligned >1 times
56.25% overall alignment rate
29758123 reads; of these:
  29758123 (100.00%) were paired; of these:
    14879242 (50.00%) aligned concordantly 0 times
    14696055 (49.39%) aligned concordantly exactly 1 time
    182826 (0.61%) aligned concordantly >1 times
    ----
    14879242 pairs aligned concordantly 0 times; of these:
      794104 (5.34%) aligned discordantly 1 time
    ----
    14085138 pairs aligned 0 times concordantly or discordantly; of these:
      28170276 mates make up the pairs; of these:
        26332513 (93.48%) aligned 0 times
        1798815 (6.39%) aligned exactly 1 time
        38948 (0.14%) aligned >1 times
55.76% overall alignment rate
32857596 reads; of these:
  32857596 (100.00%) were paired; of these:
    16568374 (50.42%) aligned concordantly 0 times
    16102162 (49.01%) aligned concordantly exactly 1 time
    187060 (0.57%) aligned concordantly >1 times
    ----
    16568374 pairs aligned concordantly 0 times; of these:
      656012 (3.96%) aligned discordantly 1 time
    ----
    15912362 pairs aligned 0 times concordantly or discordantly; of these:
      31824724 mates make up the pairs; of these:
        29499497 (92.69%) aligned 0 times
        2284315 (7.18%) aligned exactly 1 time
        40912 (0.13%) aligned >1 times
55.11% overall alignment rate
