Settings:
  Output files: "/flush3/sam079/RNAseq-POM/ViralGenomeIndex/ISAGenomeIndex/ISAV.*.bt2"
  Line rate: 6 (line is 64 bytes)
  Lines per side: 1 (side is 64 bytes)
  Offset rate: 4 (one in 16)
  FTable chars: 10
  Strings: unpacked
  Max bucket size: default
  Max bucket size, sqrt multiplier: default
  Max bucket size, len divisor: 4
  Difference-cover sample period: 1024
  Endianness: little
  Actual local endianness: little
  Sanity checking: disabled
  Assertions: disabled
  Random seed: 0
  Sizeofs: void*:8, int:4, long:8, size_t:8
Input files DNA, FASTA:
  /OSM/CBR/AF_POMV/work/POMV_RNA_seq/Genomes/ISA_genome/ISAV_Glesvaer_2_90_ORF_seq.fa
Building a SMALL index
Reading reference sizes
Could not open index file for writing: "/flush3/sam079/RNAseq-POM/ViralGenomeIndex/ISAGenomeIndex/ISAV.3.bt2"
Please make sure the directory exists and that permissions allow writing by
Bowtie.
  Time reading reference sizes: 00:00:00
Total time for call to driver() for forward index: 00:00:00
Error: Encountered internal Bowtie 2 exception (#1)
Command: bowtie2-build --wrapper basic-0 /OSM/CBR/AF_POMV/work/POMV_RNA_seq/Genomes/ISA_genome/ISAV_Glesvaer_2_90_ORF_seq.fa /flush3/sam079/RNAseq-POM/ViralGenomeIndex/ISAGenomeIndex/ISAV 
Deleting "/flush3/sam079/RNAseq-POM/ViralGenomeIndex/ISAGenomeIndex/ISAV.3.bt2" file written during aborted indexing attempt.
Deleting "/flush3/sam079/RNAseq-POM/ViralGenomeIndex/ISAGenomeIndex/ISAV.4.bt2" file written during aborted indexing attempt.
