Settings:
  Output files: "/flush3/sam079/RNAseq-POMV/ViralGenomeIndex/ISAGenomeIndex/ISAV.*.bt2"
  Line rate: 6 (line is 64 bytes)
  Lines per side: 1 (side is 64 bytes)
  Offset rate: 4 (one in 16)
  FTable chars: 10
  Strings: unpacked
  Max bucket size: default
  Max bucket size, sqrt multiplier: default
  Max bucket size, len divisor: 4
  Difference-cover sample period: 1024
  Endianness: little
  Actual local endianness: little
  Sanity checking: disabled
  Assertions: disabled
  Random seed: 0
  Sizeofs: void*:8, int:4, long:8, size_t:8
Input files DNA, Chain file:
  /OSM/CBR/AF_POMV/work/POMV_RNA_seq/Genomes/ISA_genome/ISA_Glesvaer_2_90_ORF.fasta
Building a SMALL index
Reading reference sizes
  Time reading reference sizes: 00:00:00
Calculating joined length
Writing header
Reserving space for joined string
Joining reference sequences
  Time to join reference sequences: 00:00:00
bmax according to bmaxDivN setting: 3
Using parameters --bmax 3 --dcv 1024
  Doing ahead-of-time memory usage test
  Passed!  Constructing with these parameters: --bmax 3 --dcv 1024
Constructing suffix-array element generator
Building DifferenceCoverSample
  Building sPrime
  Building sPrimeOrder
  V-Sorting samples
  V-Sorting samples time: 00:00:00
  Allocating rank array
  Ranking v-sort output
  Ranking v-sort output time: 00:00:00
  Invoking Larsson-Sadakane on ranks
  Invoking Larsson-Sadakane on ranks time: 00:00:00
  Sanity-checking and returning
Building samples
Reserving space for 14 sample suffixes
Generating random suffixes
QSorting 14 sample offsets, eliminating duplicates
QSorting sample offsets, eliminating duplicates time: 00:00:00
Multikey QSorting 7 samples
  (Using difference cover)
  Multikey QSorting samples time: 00:00:00
Calculating bucket sizes
Splitting and merging
  Splitting and merging time: 00:00:00
Split 1, merged 3; iterating...
Splitting and merging
  Splitting and merging time: 00:00:00
Avg bucket size: 1.6 (target: 2)
Converting suffix-array elements to index image
Allocating ftab, absorbFtab
Entering Ebwt loop
Getting block 1 of 5
  Reserving size (3) for bucket 1
  Calculating Z arrays for bucket 1
  Entering block accumulator loop for bucket 1:
  bucket 1: 10%
  bucket 1: 20%
  bucket 1: 30%
  bucket 1: 40%
  bucket 1: 50%
  bucket 1: 100%
  Sorting block of length 2 for bucket 1
  (Using difference cover)
  Sorting block time: 00:00:00
Returning block of 3 for bucket 1
Getting block 2 of 5
  Reserving size (3) for bucket 2
  Calculating Z arrays for bucket 2
  Entering block accumulator loop for bucket 2:
  bucket 2: 10%
  bucket 2: 20%
  bucket 2: 30%
  bucket 2: 40%
  bucket 2: 50%
  bucket 2: 100%
  Sorting block of length 2 for bucket 2
  (Using difference cover)
  Sorting block time: 00:00:00
Returning block of 3 for bucket 2
Getting block 3 of 5
  Reserving size (3) for bucket 3
  Calculating Z arrays for bucket 3
  Entering block accumulator loop for bucket 3:
  bucket 3: 10%
  bucket 3: 20%
  bucket 3: 30%
  bucket 3: 40%
  bucket 3: 50%
  bucket 3: 100%
  Sorting block of length 2 for bucket 3
  (Using difference cover)
  Sorting block time: 00:00:00
Returning block of 3 for bucket 3
Getting block 4 of 5
  Reserving size (3) for bucket 4
  Calculating Z arrays for bucket 4
  Entering block accumulator loop for bucket 4:
  bucket 4: 10%
  bucket 4: 20%
  bucket 4: 30%
  bucket 4: 40%
  bucket 4: 50%
  bucket 4: 100%
  Sorting block of length 2 for bucket 4
  (Using difference cover)
  Sorting block time: 00:00:00
Returning block of 3 for bucket 4
Getting block 5 of 5
  Reserving size (3) for bucket 5
  Calculating Z arrays for bucket 5
  Entering block accumulator loop for bucket 5:
  bucket 5: 10%
  bucket 5: 20%
  bucket 5: 30%
  bucket 5: 40%
  bucket 5: 50%
  bucket 5: 100%
Returning block of 1 for bucket 5
Exited Ebwt loop
fchr[A]: 0
fchr[C]: 7
fchr[G]: 8
fchr[T]: 11
fchr[$]: 12
Exiting Ebwt::buildToDisk()
Returning from initFromVector
Wrote 4194627 bytes to primary EBWT file: /flush3/sam079/RNAseq-POMV/ViralGenomeIndex/ISAGenomeIndex/ISAV.1.bt2
Wrote 8 bytes to secondary EBWT file: /flush3/sam079/RNAseq-POMV/ViralGenomeIndex/ISAGenomeIndex/ISAV.2.bt2
Re-opening _in1 and _in2 as input streams
Returning from Ebwt constructor
Headers:
    len: 12
    bwtLen: 13
    sz: 3
    bwtSz: 4
    lineRate: 6
    offRate: 4
    offMask: 0xfffffff0
    ftabChars: 10
    eftabLen: 20
    eftabSz: 80
    ftabLen: 1048577
    ftabSz: 4194308
    offsLen: 1
    offsSz: 4
    lineSz: 64
    sideSz: 64
    sideBwtSz: 48
    sideBwtLen: 192
    numSides: 1
    numLines: 1
    ebwtTotLen: 64
    ebwtTotSz: 64
    color: 0
    reverse: 0
Total time for call to driver() for forward index: 00:00:00
Reading reference sizes
  Time reading reference sizes: 00:00:00
Calculating joined length
Writing header
Reserving space for joined string
Joining reference sequences
  Time to join reference sequences: 00:00:00
  Time to reverse reference sequence: 00:00:00
bmax according to bmaxDivN setting: 3
Using parameters --bmax 3 --dcv 1024
  Doing ahead-of-time memory usage test
  Passed!  Constructing with these parameters: --bmax 3 --dcv 1024
Constructing suffix-array element generator
Building DifferenceCoverSample
  Building sPrime
  Building sPrimeOrder
  V-Sorting samples
  V-Sorting samples time: 00:00:00
  Allocating rank array
  Ranking v-sort output
  Ranking v-sort output time: 00:00:00
  Invoking Larsson-Sadakane on ranks
  Invoking Larsson-Sadakane on ranks time: 00:00:00
  Sanity-checking and returning
Building samples
Reserving space for 14 sample suffixes
Generating random suffixes
QSorting 14 sample offsets, eliminating duplicates
QSorting sample offsets, eliminating duplicates time: 00:00:00
Multikey QSorting 7 samples
  (Using difference cover)
  Multikey QSorting samples time: 00:00:00
Calculating bucket sizes
Splitting and merging
  Splitting and merging time: 00:00:00
Avg bucket size: 1.6 (target: 2)
Converting suffix-array elements to index image
Allocating ftab, absorbFtab
Entering Ebwt loop
Getting block 1 of 5
  Reserving size (3) for bucket 1
  Calculating Z arrays for bucket 1
  Entering block accumulator loop for bucket 1:
  bucket 1: 10%
  bucket 1: 20%
  bucket 1: 30%
  bucket 1: 40%
  bucket 1: 50%
  bucket 1: 100%
  Sorting block of length 2 for bucket 1
  (Using difference cover)
  Sorting block time: 00:00:00
Returning block of 3 for bucket 1
Getting block 2 of 5
  Reserving size (3) for bucket 2
  Calculating Z arrays for bucket 2
  Entering block accumulator loop for bucket 2:
  bucket 2: 10%
  bucket 2: 20%
  bucket 2: 30%
  bucket 2: 40%
  bucket 2: 50%
  bucket 2: 100%
Returning block of 1 for bucket 2
Getting block 3 of 5
  Reserving size (3) for bucket 3
  Calculating Z arrays for bucket 3
  Entering block accumulator loop for bucket 3:
  bucket 3: 10%
  bucket 3: 20%
  bucket 3: 30%
  bucket 3: 40%
  bucket 3: 50%
  bucket 3: 100%
  Sorting block of length 2 for bucket 3
  (Using difference cover)
  Sorting block time: 00:00:00
Returning block of 3 for bucket 3
Getting block 4 of 5
  Reserving size (3) for bucket 4
  Calculating Z arrays for bucket 4
  Entering block accumulator loop for bucket 4:
  bucket 4: 10%
  bucket 4: 20%
  bucket 4: 30%
  bucket 4: 40%
  bucket 4: 50%
  bucket 4: 100%
  Sorting block of length 2 for bucket 4
  (Using difference cover)
  Sorting block time: 00:00:00
Returning block of 3 for bucket 4
Getting block 5 of 5
  Reserving size (3) for bucket 5
  Calculating Z arrays for bucket 5
  Entering block accumulator loop for bucket 5:
  bucket 5: 10%
  bucket 5: 20%
  bucket 5: 30%
  bucket 5: 40%
  bucket 5: 50%
  bucket 5: 100%
  Sorting block of length 2 for bucket 5
  (Using difference cover)
  Sorting block time: 00:00:00
Returning block of 3 for bucket 5
Exited Ebwt loop
fchr[A]: 0
fchr[C]: 7
fchr[G]: 8
fchr[T]: 11
fchr[$]: 12
Exiting Ebwt::buildToDisk()
Returning from initFromVector
Wrote 4194627 bytes to primary EBWT file: /flush3/sam079/RNAseq-POMV/ViralGenomeIndex/ISAGenomeIndex/ISAV.rev.1.bt2
Wrote 8 bytes to secondary EBWT file: /flush3/sam079/RNAseq-POMV/ViralGenomeIndex/ISAGenomeIndex/ISAV.rev.2.bt2
Re-opening _in1 and _in2 as input streams
Returning from Ebwt constructor
Headers:
    len: 12
    bwtLen: 13
    sz: 3
    bwtSz: 4
    lineRate: 6
    offRate: 4
    offMask: 0xfffffff0
    ftabChars: 10
    eftabLen: 20
    eftabSz: 80
    ftabLen: 1048577
    ftabSz: 4194308
    offsLen: 1
    offsSz: 4
    lineSz: 64
    sideSz: 64
    sideBwtSz: 48
    sideBwtLen: 192
    numSides: 1
    numLines: 1
    ebwtTotLen: 64
    ebwtTotSz: 64
    color: 0
    reverse: 1
Total time for backward call to driver() for mirror index: 00:00:00
