
[Tue Oct  2 15:45:05 2018] Beginning transcriptome assembly merge
-------------------------------------------

[Tue Oct  2 15:45:05 2018] Preparing output location /flush3/sam079/RNAseq-POMV/Processed/Assembly/SalmonPOMV/Cufflinks/cuffmerge/
Warning: no reference GTF provided!
[Tue Oct  2 15:45:06 2018] Converting GTF files to SAM
[15:45:06] Loading reference annotation.
[15:45:09] Loading reference annotation.
[15:45:11] Loading reference annotation.
[15:45:13] Loading reference annotation.
[15:45:16] Loading reference annotation.
[15:45:18] Loading reference annotation.
[15:45:20] Loading reference annotation.
[15:45:23] Loading reference annotation.
[15:45:25] Loading reference annotation.
[15:45:27] Loading reference annotation.
[15:45:29] Loading reference annotation.
[15:45:30] Loading reference annotation.
[15:45:31] Loading reference annotation.
[15:45:33] Loading reference annotation.
[15:45:36] Loading reference annotation.
[Tue Oct  2 15:45:38 2018] Assembling transcripts
You are using Cufflinks v2.2.2, which is the most recent release.
Command line:
cufflinks -o /flush3/sam079/RNAseq-POMV/Processed/Assembly/SalmonPOMV/Cufflinks/cuffmerge/ -F 0.05 -q --overhang-tolerance 200 --library-type=transfrags -A 0.0 --min-frags-per-transfrag 0 --no-5-extend -p 8 /flush3/sam079/RNAseq-POMV/Processed/Assembly/SalmonPOMV/Cufflinks/cuffmerge/tmp/mergeSam_filezRn3ck 
[bam_header_read] EOF marker is absent. The input is probably truncated.
[bam_header_read] invalid BAM binary header (this is not a BAM file).
File /flush3/sam079/RNAseq-POMV/Processed/Assembly/SalmonPOMV/Cufflinks/cuffmerge/tmp/mergeSam_filezRn3ck doesn't appear to be a valid BAM file, trying SAM...
[15:45:38] Inspecting reads and determining fragment length distribution.
Processed 21905 loci.                       
> Map Properties:
>	Normalized Map Mass: 271625.00
>	Raw Map Mass: 271625.00
>	Fragment Length Distribution: Truncated Gaussian (default)
>	              Default Mean: 200
>	           Default Std Dev: 80
[15:45:39] Assembling transcripts and estimating abundances.
Processed 21905 loci.                       
[Tue Oct  2 15:45:52 2018] Comparing against reference file None
You are using Cufflinks v2.2.2, which is the most recent release.
[Tue Oct  2 15:46:01 2018] Comparing against reference file None
You are using Cufflinks v2.2.2, which is the most recent release.
