
        ==========     _____ _    _ ____  _____  ______          _____  
        =====         / ____| |  | |  _ \|  __ \|  ____|   /\   |  __ \ 
          =====      | (___ | |  | | |_) | |__) | |__     /  \  | |  | |
            ====      \___ \| |  | |  _ <|  _  /|  __|   / /\ \ | |  | |
              ====    ____) | |__| | |_) | | \ \| |____ / ____ \| |__| |
        ==========   |_____/ \____/|____/|_|  \_\______/_/    \_\_____/
	  v1.6.2

//========================== featureCounts setting ===========================\\
||                                                                            ||
||             Input files : 15 BAM files                                     ||
||                           P ISAV24HPIR1Aligned.sortedByCoord.out.bam       ||
||                           P ISAV24HPIR2Aligned.sortedByCoord.out.bam       ||
||                           P ISAV24HPIR3Aligned.sortedByCoord.out.bam       ||
||                           P ISAV6HPIR1Aligned.sortedByCoord.out.bam        ||
||                           P ISAV6HPIR2Aligned.sortedByCoord.out.bam        ||
||                           P ISAV6HPIR3Aligned.sortedByCoord.out.bam        ||
||                           P NEGcontrolR1Aligned.sortedByCoord.out.bam      ||
||                           P NEGcontrolR2Aligned.sortedByCoord.out.bam      ||
||                           P NEGcontrolR3Aligned.sortedByCoord.out.bam      ||
||                           P POMV24HPIR1Aligned.sortedByCoord.out.bam       ||
||                           P POMV24HPIR2Aligned.sortedByCoord.out.bam       ||
||                           P POMV24HPIR3Aligned.sortedByCoord.out.bam       ||
||                           P POMV6HPIR1Aligned.sortedByCoord.out.bam        ||
||                           P POMV6HPIR2Aligned.sortedByCoord.out.bam        ||
||                           P POMV6HPIR3Aligned.sortedByCoord.out.bam        ||
||                                                                            ||
||             Output file : read_counts.txt                                  ||
||                 Summary : read_counts.txt.summary                          ||
||              Annotation : GCF_000233375.1_ICSASG_v2_genomic.gff (GTF)      ||
||      Dir for temp files : /flush3/sam079/RNAseq-POMV/Processed/Express ... ||
||                                                                            ||
||                 Threads : 8                                                ||
||                   Level : meta-feature level                               ||
||              Paired-end : yes                                              ||
||      Multimapping reads : not counted                                      ||
|| Multi-overlapping reads : not counted                                      ||
||   Min overlapping bases : 1                                                ||
||                                                                            ||
||          Chimeric reads : counted                                          ||
||        Both ends mapped : not required                                     ||
||                                                                            ||
\\===================== http://subread.sourceforge.net/ ======================//

//================================= Running ==================================\\
||                                                                            ||
|| Load annotation file GCF_000233375.1_ICSASG_v2_genomic.gff ...             ||

Warning: failed to find the gene identifier attribute in the 9th column of the provided GTF file.
The specified gene identifier attribute is 'gene' 
The attributes included in your GTF annotation are 'ID=id1546223;Parent=rna133438;anticodon=(pos:1037..1039);gbkey=tRNA;product=tRNA-Phe' 

||    Features : 1313909                                                      ||
||    Meta-features : 57627                                                   ||
||    Chromosomes/contigs : 16532                                             ||
||                                                                            ||
|| Process BAM file ISAV24HPIR1Aligned.sortedByCoord.out.bam...               ||
||    Paired-end reads are included.                                          ||
||    Assign fragments (read pairs) to features...                            ||
||                                                                            ||
||    WARNING: reads from the same pair were found not adjacent to each       ||
||             other in the input (due to read sorting by location or         ||
||             reporting of multi-mapping read pairs).                        ||
||                                                                            ||
||    Pairing up the read pairs.                                              ||
||                                                                            ||
||    Total fragments : 33761373                                              ||
||    Successfully assigned fragments : 21373231 (63.3%)                      ||
||    Running time : 0.53 minutes                                             ||
||                                                                            ||
|| Process BAM file ISAV24HPIR2Aligned.sortedByCoord.out.bam...               ||
||    Paired-end reads are included.                                          ||
||    Assign fragments (read pairs) to features...                            ||
||                                                                            ||
||    WARNING: reads from the same pair were found not adjacent to each       ||
||             other in the input (due to read sorting by location or         ||
||             reporting of multi-mapping read pairs).                        ||
||                                                                            ||
||    Pairing up the read pairs.                                              ||
||                                                                            ||
||    Total fragments : 30485451                                              ||
||    Successfully assigned fragments : 19367863 (63.5%)                      ||
||    Running time : 0.43 minutes                                             ||
||                                                                            ||
|| Process BAM file ISAV24HPIR3Aligned.sortedByCoord.out.bam...               ||
||    Paired-end reads are included.                                          ||
||    Assign fragments (read pairs) to features...                            ||
||                                                                            ||
||    WARNING: reads from the same pair were found not adjacent to each       ||
||             other in the input (due to read sorting by location or         ||
||             reporting of multi-mapping read pairs).                        ||
||                                                                            ||
||    Pairing up the read pairs.                                              ||
||                                                                            ||
||    Total fragments : 24575876                                              ||
||    Successfully assigned fragments : 15833324 (64.4%)                      ||
||    Running time : 0.35 minutes                                             ||
||                                                                            ||
|| Process BAM file ISAV6HPIR1Aligned.sortedByCoord.out.bam...                ||
||    Paired-end reads are included.                                          ||
||    Assign fragments (read pairs) to features...                            ||
||                                                                            ||
||    WARNING: reads from the same pair were found not adjacent to each       ||
||             other in the input (due to read sorting by location or         ||
||             reporting of multi-mapping read pairs).                        ||
||                                                                            ||
||    Pairing up the read pairs.                                              ||
||                                                                            ||
||    Total fragments : 33791178                                              ||
||    Successfully assigned fragments : 21665879 (64.1%)                      ||
||    Running time : 0.48 minutes                                             ||
||                                                                            ||
|| Process BAM file ISAV6HPIR2Aligned.sortedByCoord.out.bam...                ||
||    Paired-end reads are included.                                          ||
||    Assign fragments (read pairs) to features...                            ||
||                                                                            ||
||    WARNING: reads from the same pair were found not adjacent to each       ||
||             other in the input (due to read sorting by location or         ||
||             reporting of multi-mapping read pairs).                        ||
||                                                                            ||
||    Pairing up the read pairs.                                              ||
||                                                                            ||
||    Total fragments : 35642989                                              ||
||    Successfully assigned fragments : 23113962 (64.8%)                      ||
||    Running time : 0.52 minutes                                             ||
||                                                                            ||
|| Process BAM file ISAV6HPIR3Aligned.sortedByCoord.out.bam...                ||
||    Paired-end reads are included.                                          ||
||    Assign fragments (read pairs) to features...                            ||
||                                                                            ||
||    WARNING: reads from the same pair were found not adjacent to each       ||
||             other in the input (due to read sorting by location or         ||
||             reporting of multi-mapping read pairs).                        ||
||                                                                            ||
||    Pairing up the read pairs.                                              ||
||                                                                            ||
||    Total fragments : 37410066                                              ||
||    Successfully assigned fragments : 24749842 (66.2%)                      ||
||    Running time : 0.57 minutes                                             ||
||                                                                            ||
|| Process BAM file NEGcontrolR1Aligned.sortedByCoord.out.bam...              ||
||    Paired-end reads are included.                                          ||
||    Assign fragments (read pairs) to features...                            ||
||                                                                            ||
||    WARNING: reads from the same pair were found not adjacent to each       ||
||             other in the input (due to read sorting by location or         ||
||             reporting of multi-mapping read pairs).                        ||
||                                                                            ||
||    Pairing up the read pairs.                                              ||
||                                                                            ||
||    Total fragments : 35091922                                              ||
||    Successfully assigned fragments : 22942872 (65.4%)                      ||
||    Running time : 0.52 minutes                                             ||
||                                                                            ||
|| Process BAM file NEGcontrolR2Aligned.sortedByCoord.out.bam...              ||
||    Paired-end reads are included.                                          ||
||    Assign fragments (read pairs) to features...                            ||
||                                                                            ||
||    WARNING: reads from the same pair were found not adjacent to each       ||
||             other in the input (due to read sorting by location or         ||
||             reporting of multi-mapping read pairs).                        ||
||                                                                            ||
||    Pairing up the read pairs.                                              ||
||                                                                            ||
||    Total fragments : 38926031                                              ||
||    Successfully assigned fragments : 25357950 (65.1%)                      ||
||    Running time : 0.58 minutes                                             ||
||                                                                            ||
|| Process BAM file NEGcontrolR3Aligned.sortedByCoord.out.bam...              ||
||    Paired-end reads are included.                                          ||
||    Assign fragments (read pairs) to features...                            ||
||                                                                            ||
||    WARNING: reads from the same pair were found not adjacent to each       ||
||             other in the input (due to read sorting by location or         ||
||             reporting of multi-mapping read pairs).                        ||
||                                                                            ||
||    Pairing up the read pairs.                                              ||
||                                                                            ||
||    Total fragments : 36624209                                              ||
||    Successfully assigned fragments : 23873071 (65.2%)                      ||
||    Running time : 0.56 minutes                                             ||
||                                                                            ||
|| Process BAM file POMV24HPIR1Aligned.sortedByCoord.out.bam...               ||
||    Paired-end reads are included.                                          ||
||    Assign fragments (read pairs) to features...                            ||
||                                                                            ||
||    WARNING: reads from the same pair were found not adjacent to each       ||
||             other in the input (due to read sorting by location or         ||
||             reporting of multi-mapping read pairs).                        ||
||                                                                            ||
||    Pairing up the read pairs.                                              ||
||                                                                            ||
||    Total fragments : 15339650                                              ||
||    Successfully assigned fragments : 8702320 (56.7%)                       ||
||    Running time : 0.25 minutes                                             ||
||                                                                            ||
|| Process BAM file POMV24HPIR2Aligned.sortedByCoord.out.bam...               ||
||    Paired-end reads are included.                                          ||
||    Assign fragments (read pairs) to features...                            ||
||                                                                            ||
||    WARNING: reads from the same pair were found not adjacent to each       ||
||             other in the input (due to read sorting by location or         ||
||             reporting of multi-mapping read pairs).                        ||
||                                                                            ||
||    Pairing up the read pairs.                                              ||
||                                                                            ||
||    Total fragments : 14820934                                              ||
||    Successfully assigned fragments : 8158941 (55.1%)                       ||
||    Running time : 0.24 minutes                                             ||
||                                                                            ||
|| Process BAM file POMV24HPIR3Aligned.sortedByCoord.out.bam...               ||
||    Paired-end reads are included.                                          ||
||    Assign fragments (read pairs) to features...                            ||
||                                                                            ||
||    WARNING: reads from the same pair were found not adjacent to each       ||
||             other in the input (due to read sorting by location or         ||
||             reporting of multi-mapping read pairs).                        ||
||                                                                            ||
||    Pairing up the read pairs.                                              ||
||                                                                            ||
||    Total fragments : 13855134                                              ||
||    Successfully assigned fragments : 7716112 (55.7%)                       ||
||    Running time : 0.21 minutes                                             ||
||                                                                            ||
|| Process BAM file POMV6HPIR1Aligned.sortedByCoord.out.bam...                ||
||    Paired-end reads are included.                                          ||
||    Assign fragments (read pairs) to features...                            ||
||                                                                            ||
||    WARNING: reads from the same pair were found not adjacent to each       ||
||             other in the input (due to read sorting by location or         ||
||             reporting of multi-mapping read pairs).                        ||
||                                                                            ||
||    Pairing up the read pairs.                                              ||
||                                                                            ||
||    Total fragments : 39087112                                              ||
||    Successfully assigned fragments : 25264030 (64.6%)                      ||
||    Running time : 0.59 minutes                                             ||
||                                                                            ||
|| Process BAM file POMV6HPIR2Aligned.sortedByCoord.out.bam...                ||
||    Paired-end reads are included.                                          ||
||    Assign fragments (read pairs) to features...                            ||
||                                                                            ||
||    WARNING: reads from the same pair were found not adjacent to each       ||
||             other in the input (due to read sorting by location or         ||
||             reporting of multi-mapping read pairs).                        ||
||                                                                            ||
||    Pairing up the read pairs.                                              ||
||                                                                            ||
||    Total fragments : 39102922                                              ||
||    Successfully assigned fragments : 24881170 (63.6%)                      ||
||    Running time : 0.55 minutes                                             ||
||                                                                            ||
|| Process BAM file POMV6HPIR3Aligned.sortedByCoord.out.bam...                ||
||    Paired-end reads are included.                                          ||
||    Assign fragments (read pairs) to features...                            ||
||                                                                            ||
||    WARNING: reads from the same pair were found not adjacent to each       ||
||             other in the input (due to read sorting by location or         ||
||             reporting of multi-mapping read pairs).                        ||
||                                                                            ||
||    Pairing up the read pairs.                                              ||
||                                                                            ||
||    Total fragments : 37787976                                              ||
||    Successfully assigned fragments : 24372331 (64.5%)                      ||
||    Running time : 0.51 minutes                                             ||
||                                                                            ||
||                         Read assignment finished.                          ||
||                                                                            ||
|| Summary of counting results can be found in file "/flush3/sam079/RNAseq-P  ||
|| OMV/Processed/Expression/Read_counts/read_counts.txt.summary"              ||
||                                                                            ||
\\===================== http://subread.sourceforge.net/ ======================//

