29150038 reads; of these:
  29150038 (100.00%) were paired; of these:
    2789705 (9.57%) aligned concordantly 0 times
    20797172 (71.35%) aligned concordantly exactly 1 time
    5563161 (19.08%) aligned concordantly >1 times
    ----
    2789705 pairs aligned concordantly 0 times; of these:
      498258 (17.86%) aligned discordantly 1 time
    ----
    2291447 pairs aligned 0 times concordantly or discordantly; of these:
      4582894 mates make up the pairs; of these:
        3084239 (67.30%) aligned 0 times
        810749 (17.69%) aligned exactly 1 time
        687906 (15.01%) aligned >1 times
94.71% overall alignment rate
34535713 reads; of these:
  34535713 (100.00%) were paired; of these:
    3240542 (9.38%) aligned concordantly 0 times
    24885187 (72.06%) aligned concordantly exactly 1 time
    6409984 (18.56%) aligned concordantly >1 times
    ----
    3240542 pairs aligned concordantly 0 times; of these:
      514593 (15.88%) aligned discordantly 1 time
    ----
    2725949 pairs aligned 0 times concordantly or discordantly; of these:
      5451898 mates make up the pairs; of these:
        3663223 (67.19%) aligned 0 times
        1006891 (18.47%) aligned exactly 1 time
        781784 (14.34%) aligned >1 times
94.70% overall alignment rate
31594724 reads; of these:
  31594724 (100.00%) were paired; of these:
    2686024 (8.50%) aligned concordantly 0 times
    23049119 (72.95%) aligned concordantly exactly 1 time
    5859581 (18.55%) aligned concordantly >1 times
    ----
    2686024 pairs aligned concordantly 0 times; of these:
      492160 (18.32%) aligned discordantly 1 time
    ----
    2193864 pairs aligned 0 times concordantly or discordantly; of these:
      4387728 mates make up the pairs; of these:
        2939092 (66.98%) aligned 0 times
        795150 (18.12%) aligned exactly 1 time
        653486 (14.89%) aligned >1 times
95.35% overall alignment rate
te
31678779 reads; of these:
  31678779 (100.00%) were paired; of these:
    4834110 (15.26%) aligned concordantly 0 times
    22620433 (71.41%) aligned concordantly exactly 1 time
    4224236 (13.33%) aligned concordantly >1 times
    ----
    4834110 pairs aligned concordantly 0 times; of these:
      687090 (14.21%) aligned discordantly 1 time
    ----
    4147020 pairs aligned 0 times concordantly or discordantly; of these:
      8294040 mates make up the pairs; of these:
        5799744 (69.93%) aligned 0 times
        1792857 (21.62%) aligned exactly 1 time
        701439 (8.46%) aligned >1 times
90.85% overall alignment rate
32572571 reads; of these:
  32572571 (100.00%) were paired; of these:
    2799542 (8.59%) aligned concordantly 0 times
    23690111 (72.73%) aligned concordantly exactly 1 time
    6082918 (18.67%) aligned concordantly >1 times
    ----
    2799542 pairs aligned concordantly 0 times; of these:
      449020 (16.04%) aligned discordantly 1 time
    ----
    2350522 pairs aligned 0 times concordantly or discordantly; of these:
      4701044 mates make up the pairs; of these:
        2981014 (63.41%) aligned 0 times
        944394 (20.09%) aligned exactly 1 time
        775636 (16.50%) aligned >1 times
95.42% overall alignment rate
30712609 reads; of these:
  30712609 (100.00%) were paired; of these:
    2782006 (9.06%) aligned concordantly 0 times
    22116991 (72.01%) aligned concordantly exactly 1 time
    5813612 (18.93%) aligned concordantly >1 times
    ----
    2782006 pairs aligned concordantly 0 times; of these:
      454621 (16.34%) aligned discordantly 1 time
    ----
    2327385 pairs aligned 0 times concordantly or discordantly; of these:
      4654770 mates make up the pairs; of these:
        3116255 (66.95%) aligned 0 times
        842891 (18.11%) aligned exactly 1 time
        695624 (14.94%) aligned >1 times
94.93% overall alignment rate
32857596 reads; of these:
  32857596 (100.00%) were paired; of these:
    4943946 (15.05%) aligned concordantly 0 times
    23443206 (71.35%) aligned concordantly exactly 1 time
    4470444 (13.61%) aligned concordantly >1 times
    ----
    4943946 pairs aligned concordantly 0 times; of these:
      423019 (8.56%) aligned discordantly 1 time
    ----
    4520927 pairs aligned 0 times concordantly or discordantly; of these:
      9041854 mates make up the pairs; of these:
        5876604 (64.99%) aligned 0 times
        2466596 (27.28%) aligned exactly 1 time
        698654 (7.73%) aligned >1 times
91.06% overall alignment rate
32744554 reads; of these:
  32744554 (100.00%) were paired; of these:
    9024222 (27.56%) aligned concordantly 0 times
    18790866 (57.39%) aligned concordantly exactly 1 time
    4929466 (15.05%) aligned concordantly >1 times
    ----
    9024222 pairs aligned concordantly 0 times; of these:
      339314 (3.76%) aligned discordantly 1 time
    ----
    8684908 pairs aligned 0 times concordantly or discordantly; of these:
      17369816 mates make up the pairs; of these:
        16099453 (92.69%) aligned 0 times
        692836 (3.99%) aligned exactly 1 time
        577527 (3.32%) aligned >1 times
75.42% overall alignment rate
30392676 reads; of these:
  30392676 (100.00%) were paired; of these:
    2513056 (8.27%) aligned concordantly 0 times
    22149696 (72.88%) aligned concordantly exactly 1 time
    5729924 (18.85%) aligned concordantly >1 times
    ----
    2513056 pairs aligned concordantly 0 times; of these:
      391028 (15.56%) aligned discordantly 1 time
    ----
    2122028 pairs aligned 0 times concordantly or discordantly; of these:
      4244056 mates make up the pairs; of these:
        2789658 (65.73%) aligned 0 times
        820140 (19.32%) aligned exactly 1 time
        634258 (14.94%) aligned >1 times
95.41% overall alignment rate
34554794 reads; of these:
  34554794 (100.00%) were paired; of these:
    3110891 (9.00%) aligned concordantly 0 times
    24965502 (72.25%) aligned concordantly exactly 1 time
    6478401 (18.75%) aligned concordantly >1 times
    ----
    3110891 pairs aligned concordantly 0 times; of these:
      521092 (16.75%) aligned discordantly 1 time
    ----
    2589799 pairs aligned 0 times concordantly or discordantly; of these:
      5179598 mates make up the pairs; of these:
        3463733 (66.87%) aligned 0 times
        971358 (18.75%) aligned exactly 1 time
        744507 (14.37%) aligned >1 times
94.99% overall alignment rate
33514355 reads; of these:
  33514355 (100.00%) were paired; of these:
    2864103 (8.55%) aligned concordantly 0 times
    24311484 (72.54%) aligned concordantly exactly 1 time
    6338768 (18.91%) aligned concordantly >1 times
    ----
    2864103 pairs aligned concordantly 0 times; of these:
      518523 (18.10%) aligned discordantly 1 time
    ----
    2345580 pairs aligned 0 times concordantly or discordantly; of these:
      4691160 mates make up the pairs; of these:
        3121211 (66.53%) aligned 0 times
        857989 (18.29%) aligned exactly 1 time
        711960 (15.18%) aligned >1 times
95.34% overall alignment rate
33377429 reads; of these:
  33377429 (100.00%) were paired; of these:
    3173966 (9.51%) aligned concordantly 0 times
    24067722 (72.11%) aligned concordantly exactly 1 time
    6135741 (18.38%) aligned concordantly >1 times
    ----
    3173966 pairs aligned concordantly 0 times; of these:
      604632 (19.05%) aligned discordantly 1 time
    ----
    2569334 pairs aligned 0 times concordantly or discordantly; of these:
      5138668 mates make up the pairs; of these:
        3425694 (66.67%) aligned 0 times
        943947 (18.37%) aligned exactly 1 time
        769027 (14.97%) aligned >1 times
94.87% overall alignment rate
26762728 reads; of these:
  26762728 (100.00%) were paired; of these:
    7523215 (28.11%) aligned concordantly 0 times
    15201348 (56.80%) aligned concordantly exactly 1 time
    4038165 (15.09%) aligned concordantly >1 times
    ----
    7523215 pairs aligned concordantly 0 times; of these:
      244387 (3.25%) aligned discordantly 1 time
    ----
    7278828 pairs aligned 0 times concordantly or discordantly; of these:
      14557656 mates make up the pairs; of these:
        13491480 (92.68%) aligned 0 times
        600691 (4.13%) aligned exactly 1 time
        465485 (3.20%) aligned >1 times
74.79% overall alignment rate
