30392676 reads; of these:
  30392676 (100.00%) were paired; of these:
    2513056 (8.27%) aligned concordantly 0 times
    22149697 (72.88%) aligned concordantly exactly 1 time
    5729923 (18.85%) aligned concordantly >1 times
    ----
    2513056 pairs aligned concordantly 0 times; of these:
      390994 (15.56%) aligned discordantly 1 time
    ----
    2122062 pairs aligned 0 times concordantly or discordantly; of these:
      4244124 mates make up the pairs; of these:
        2789803 (65.73%) aligned 0 times
        820115 (19.32%) aligned exactly 1 time
        634206 (14.94%) aligned >1 times
95.41% overall alignment rate
31594724 reads; of these:
  31594724 (100.00%) were paired; of these:
    2686268 (8.50%) aligned concordantly 0 times
    23048928 (72.95%) aligned concordantly exactly 1 time
    5859528 (18.55%) aligned concordantly >1 times
    ----
    2686268 pairs aligned concordantly 0 times; of these:
      492113 (18.32%) aligned discordantly 1 time
    ----
    2194155 pairs aligned 0 times concordantly or discordantly; of these:
      4388310 mates make up the pairs; of these:
        2939986 (67.00%) aligned 0 times
        794909 (18.11%) aligned exactly 1 time
        653415 (14.89%) aligned >1 times
95.35% overall alignment rate
33514355 reads; of these:
  33514355 (100.00%) were paired; of these:
    2864642 (8.55%) aligned concordantly 0 times
    24311040 (72.54%) aligned concordantly exactly 1 time
    6338673 (18.91%) aligned concordantly >1 times
    ----
    2864642 pairs aligned concordantly 0 times; of these:
      518459 (18.10%) aligned discordantly 1 time
    ----
    2346183 pairs aligned 0 times concordantly or discordantly; of these:
      4692366 mates make up the pairs; of these:
        3122976 (66.55%) aligned 0 times
        857553 (18.28%) aligned exactly 1 time
        711837 (15.17%) aligned >1 times
95.34% overall alignment rate
