Settings:
  Output files: "/flush3/sam079/RNAseq-POMV/GenomeIndex/Hisat_SalmonPOMV/SalmonPOMV.*.ht2"
  Line rate: 6 (line is 64 bytes)
  Lines per side: 1 (side is 64 bytes)
  Offset rate: 4 (one in 16)
  FTable chars: 10
  Strings: unpacked
  Local offset rate: 3 (one in 8)
  Local fTable chars: 6
  Local sequence length: 57344
  Local sequence overlap between two consecutive indexes: 1024
  Endianness: little
  Actual local endianness: little
  Sanity checking: disabled
  Assertions: disabled
  Random seed: 0
  Sizeofs: void*:8, int:4, long:8, size_t:8
Input files DNA, FASTA:
  /OSM/CBR/AF_POMV/work/POMV_RNA_seq/Genomes/SalmonPOMV_genomic.fa
Reading reference sizes
  Time reading reference sizes: 00:00:18
Calculating joined length
Writing header
Reserving space for joined string
Joining reference sequences
  Time to join reference sequences: 00:00:13
  Time to read SNPs and splice sites: 00:00:00
Using parameters --bmax 491043966 --dcv 1024
  Doing ahead-of-time memory usage test
  Passed!  Constructing with these parameters: --bmax 491043966 --dcv 1024
Constructing suffix-array element generator
Building DifferenceCoverSample
  Building sPrime
  Building sPrimeOrder
  V-Sorting samples
  V-Sorting samples time: 00:00:21
  Allocating rank array
  Ranking v-sort output
  Ranking v-sort output time: 00:00:15
  Invoking Larsson-Sadakane on ranks
  Invoking Larsson-Sadakane on ranks time: 00:00:24
  Sanity-checking and returning
Building samples
Reserving space for 12 sample suffixes
Generating random suffixes
QSorting 12 sample offsets, eliminating duplicates
QSorting sample offsets, eliminating duplicates time: 00:00:00
Multikey QSorting 12 samples
  (Using difference cover)
  Multikey QSorting samples time: 00:00:00
Calculating bucket sizes
Splitting and merging
  Splitting and merging time: 00:00:00
Avg bucket size: 3.27363e+08 (target: 491043965)
Converting suffix-array elements to index image
Allocating ftab, absorbFtab
Entering GFM loop
Getting block 1 of 8
  Reserving size (491043966) for bucket 1
Getting block 3 of 8
  Reserving size (491043966) for bucket 3
Getting block 2 of 8
Getting block 4 of 8
  Reserving size (491043966) for bucket 4
  Calculating Z arrays for bucket 1
  Calculating Z arrays for bucket 3
  Reserving size (491043966) for bucket 2
Getting block 5 of 8
  Reserving size (491043966) for bucket 5
  Entering block accumulator loop for bucket 3:
  Calculating Z arrays for bucket 4
Getting block 6 of 8
  Reserving size (491043966) for bucket 6
  Entering block accumulator loop for bucket 1:
Getting block 7 of 8
  Calculating Z arrays for bucket 2
  Reserving size (491043966) for bucket 7
  Calculating Z arrays for bucket 5
  Entering block accumulator loop for bucket 4:
  Calculating Z arrays for bucket 6
  Entering block accumulator loop for bucket 2:
  Entering block accumulator loop for bucket 6:
Getting block 8 of 8
  Reserving size (491043966) for bucket 8
  Entering block accumulator loop for bucket 5:
  Calculating Z arrays for bucket 7
  Entering block accumulator loop for bucket 7:
  Calculating Z arrays for bucket 8
  Entering block accumulator loop for bucket 8:
  bucket 1: 10%
  bucket 8: 10%
  bucket 3: 10%
  bucket 6: 10%
  bucket 2: 10%
  bucket 7: 10%
  bucket 5: 10%
  bucket 1: 20%
  bucket 4: 10%
  bucket 8: 20%
  bucket 1: 30%
  bucket 3: 20%
  bucket 8: 30%
  bucket 6: 20%
  bucket 2: 20%
  bucket 7: 20%
  bucket 5: 20%
  bucket 1: 40%
  bucket 4: 20%
  bucket 8: 40%
  bucket 1: 50%
  bucket 3: 30%
  bucket 6: 30%
  bucket 2: 30%
  bucket 7: 30%
  bucket 8: 50%
  bucket 1: 60%
  bucket 5: 30%
  bucket 3: 40%
  bucket 4: 30%
  bucket 1: 70%
  bucket 8: 60%
  bucket 6: 40%
  bucket 7: 40%
  bucket 2: 40%
  bucket 1: 80%
  bucket 5: 40%
  bucket 8: 70%
  bucket 3: 50%
  bucket 1: 90%
  bucket 6: 50%
  bucket 8: 80%
  bucket 4: 40%
  bucket 7: 50%
  bucket 2: 50%
  bucket 1: 100%
  Sorting block of length 406642023 for bucket 1
  (Using difference cover)
  bucket 5: 50%
  bucket 8: 90%
  bucket 3: 60%
  bucket 6: 60%
  bucket 8: 100%
  Sorting block of length 293822848 for bucket 8
  (Using difference cover)
  bucket 7: 60%
  bucket 2: 60%
  bucket 4: 50%
  bucket 3: 70%
  bucket 5: 60%
  bucket 6: 70%
  bucket 7: 70%
  bucket 2: 70%
  bucket 3: 80%
  bucket 4: 60%
  bucket 5: 70%
  bucket 6: 80%
  bucket 7: 80%
  bucket 2: 80%
  bucket 3: 90%
  bucket 6: 90%
  bucket 7: 90%
  bucket 5: 80%
  bucket 2: 90%
  bucket 4: 70%
  bucket 3: 100%
  Sorting block of length 247160904 for bucket 3
  (Using difference cover)
  bucket 6: 100%
  Sorting block of length 97137170 for bucket 6
  (Using difference cover)
  bucket 7: 100%
  Sorting block of length 449394721 for bucket 7
  (Using difference cover)
  bucket 2: 100%
  Sorting block of length 329022641 for bucket 2
  (Using difference cover)
  bucket 5: 90%
  bucket 4: 80%
  bucket 5: 100%
  Sorting block of length 409702779 for bucket 5
  (Using difference cover)
  bucket 4: 90%
  bucket 4: 100%
  Sorting block of length 386018062 for bucket 4
  (Using difference cover)
  Sorting block time: 00:00:49
Returning block of 97137171 for bucket 6
  Sorting block time: 00:02:05
Returning block of 247160905 for bucket 3
  Sorting block time: 00:02:30
Returning block of 293822849 for bucket 8
  Sorting block time: 00:02:46
Returning block of 329022642 for bucket 2
  Sorting block time: 00:03:29
Returning block of 406642024 for bucket 1
  Sorting block time: 00:03:17
Returning block of 386018063 for bucket 4
  Sorting block time: 00:03:30
Returning block of 409702780 for bucket 5
  Sorting block time: 00:03:48
Returning block of 449394722 for bucket 7
Exited GFM loop
fchr[A]: 0
fchr[C]: 745700326
fchr[G]: 1310738155
fchr[T]: 1874420561
fchr[$]: 2618901155
Exiting GFM::buildToDisk()
Returning from initFromVector
Wrote 917838499 bytes to primary GFM file: /flush3/sam079/RNAseq-POMV/GenomeIndex/Hisat_SalmonPOMV/SalmonPOMV.1.ht2
Wrote 654725296 bytes to secondary GFM file: /flush3/sam079/RNAseq-POMV/GenomeIndex/Hisat_SalmonPOMV/SalmonPOMV.2.ht2
Re-opening _in1 and _in2 as input streams
Returning from GFM constructor
Returning from initFromVector
Wrote 3016746043 bytes to primary GFM file: /flush3/sam079/RNAseq-POMV/GenomeIndex/Hisat_SalmonPOMV/SalmonPOMV.5.ht2
Wrote 664557982 bytes to secondary GFM file: /flush3/sam079/RNAseq-POMV/GenomeIndex/Hisat_SalmonPOMV/SalmonPOMV.6.ht2
Re-opening _in5 and _in5 as input streams
Returning from HierEbwt constructor
Headers:
    len: 2618901155
    gbwtLen: 2618901156
    nodes: 2618901156
    sz: 654725289
    gbwtSz: 654725290
    lineRate: 6
    offRate: 4
    offMask: 0xfffffff0
    ftabChars: 10
    eftabLen: 0
    eftabSz: 0
    ftabLen: 1048577
    ftabSz: 4194308
    offsLen: 163681323
    offsSz: 654725292
    lineSz: 64
    sideSz: 64
    sideGbwtSz: 48
    sideGbwtLen: 192
    numSides: 13640111
    numLines: 13640111
    gbwtTotLen: 872967104
    gbwtTotSz: 872967104
    reverse: 0
    linearFM: Yes
Total time for call to driver() for forward index: 00:19:15
